2023-11-06 17:28:04,310 INFO  [org.jboss.modules] (main) JBoss Modules version 2.1.0.Final
2023-11-06 17:28:05,595 INFO  [org.jboss.msc] (main) JBoss MSC version 1.5.1.Final
2023-11-06 17:28:05,610 INFO  [org.jboss.threads] (main) JBoss Threads version 2.4.0.Final
2023-11-06 17:28:05,763 INFO  [org.jboss.as] (MSC service thread 1-3) WFLYSRV0049: WildFly Full 29.0.0.Final (WildFly Core 21.1.0.Final) starting
2023-11-06 17:28:05,766 DEBUG [org.jboss.as.config] (MSC service thread 1-3) Configured system properties:
	file.encoding = UTF-8
	file.separator = \
	java.awt.headless = true
	java.class.path = C:\Users\Personal\Documents\wildfly-29.0.0.Final\wildfly-29.0.0.Final\jboss-modules.jar
	java.class.version = 61.0
	java.home = C:\Users\Personal\Documents\eclipse\plugins\org.eclipse.justj.openjdk.hotspot.jre.full.win32.x86_64_17.0.8.v20230831-1047\jre
	java.io.tmpdir = C:\Users\Personal\AppData\Local\Temp\
	java.library.path = C:\Users\Personal\Documents\eclipse\plugins\org.eclipse.justj.openjdk.hotspot.jre.full.win32.x86_64_17.0.8.v20230831-1047\jre\bin;C:\Windows\Sun\Java\bin;C:\Windows\system32;C:\Windows;native;C:/Users/Personal/.p2/pool/plugins/org.eclipse.justj.openjdk.hotspot.jre.full.win32.x86_64_17.0.9.v20231028-0858/jre/bin/server;C:/Users/Personal/.p2/pool/plugins/org.eclipse.justj.openjdk.hotspot.jre.full.win32.x86_64_17.0.9.v20231028-0858/jre/bin;C:\Python312\Scripts\;C:\Python312\;C:\Program Files (x86)\Common Files\Oracle\Java\javapath;C:\Windows\system32;C:\Windows;C:\Windows\System32\Wbem;C:\Windows\System32\WindowsPowerShell\v1.0\;C:\Windows\System32\OpenSSH\;C:\Program Files\nodejs\;C:\ProgramData\chocolatey\bin;C:\Users\Personal\AppData\Local\Microsoft\WindowsApps;C:\Users\Personal\AppData\Local\GitHubDesktop\bin;C:\Users\Personal\AppData\Local\Programs\Microsoft VS Code\bin;C:\Users\Personal\AppData\Roaming\npm;C:\Windows\System32;;.
	java.net.preferIPv4Stack = true
	java.runtime.name = OpenJDK Runtime Environment
	java.runtime.version = 17.0.8.1+1
	java.specification.name = Java Platform API Specification
	java.specification.vendor = Oracle Corporation
	java.specification.version = 17
	java.util.logging.manager = org.jboss.logmanager.LogManager
	java.vendor = Eclipse Adoptium
	java.vendor.url = https://adoptium.net/
	java.vendor.url.bug = https://github.com/adoptium/adoptium-support/issues
	java.vendor.version = Temurin-17.0.8.1+1
	java.version = 17.0.8.1
	java.version.date = 2023-08-24
	java.vm.compressedOopsMode = 32-bit
	java.vm.info = mixed mode
	java.vm.name = OpenJDK 64-Bit Server VM
	java.vm.specification.name = Java Virtual Machine Specification
	java.vm.specification.vendor = Oracle Corporation
	java.vm.specification.version = 17
	java.vm.vendor = Eclipse Adoptium
	java.vm.version = 17.0.8.1+1
	javax.management.builder.initial = org.jboss.as.jmx.PluggableMBeanServerBuilder
	jboss.bind.address = localhost
	jboss.bind.address.management = localhost
	jboss.home.dir = C:\Users\Personal\Documents\wildfly-29.0.0.Final\wildfly-29.0.0.Final
	jboss.host.name = desktop-v81t7be
	jboss.modules.system.pkgs = org.jboss.byteman
	jboss.node.name = desktop-v81t7be
	jboss.qualified.host.name = desktop-v81t7be
	jboss.server.base.dir = C:\Users\Personal\Documents\wildfly-29.0.0.Final\wildfly-29.0.0.Final\standalone
	jboss.server.config.dir = C:\Users\Personal\Documents\wildfly-29.0.0.Final\wildfly-29.0.0.Final\standalone\configuration
	jboss.server.data.dir = C:\Users\Personal\Documents\wildfly-29.0.0.Final\wildfly-29.0.0.Final\standalone\data
	jboss.server.log.dir = C:\Users\Personal\Documents\wildfly-29.0.0.Final\wildfly-29.0.0.Final\standalone\log
	jboss.server.name = desktop-v81t7be
	jboss.server.persist.config = true
	jboss.server.temp.dir = C:\Users\Personal\Documents\wildfly-29.0.0.Final\wildfly-29.0.0.Final\standalone\tmp
	jdk.debug = release
	line.separator = 

	logging.configuration = file:C:\Users\Personal\Documents\wildfly-29.0.0.Final\wildfly-29.0.0.Final\standalone\configuration\logging.properties
	module.path = C:\Users\Personal\Documents\wildfly-29.0.0.Final\wildfly-29.0.0.Final\modules
	native.encoding = Cp1252
	org.jboss.boot.log.file = C:\Users\Personal\Documents\wildfly-29.0.0.Final\wildfly-29.0.0.Final\standalone\log\boot.log
	org.jboss.logmanager.nocolor = true
	org.jboss.resolver.warning = true
	os.arch = amd64
	os.name = Windows 11
	os.version = 10.0
	path.separator = ;
	program.name = JBossTools: WildFly 27+
	stderr.encoding = UTF-8
	stdout.encoding = UTF-8
	sun.arch.data.model = 64
	sun.boot.library.path = C:\Users\Personal\Documents\eclipse\plugins\org.eclipse.justj.openjdk.hotspot.jre.full.win32.x86_64_17.0.8.v20230831-1047\jre\bin
	sun.cpu.endian = little
	sun.cpu.isalist = amd64
	sun.io.unicode.encoding = UnicodeLittle
	sun.java.command = org.jboss.modules.Main -mp C:\Users\Personal\Documents\wildfly-29.0.0.Final\wildfly-29.0.0.Final\modules org.jboss.as.standalone -b localhost --server-config=standalone.xml -Djboss.server.base.dir=C:\Users\Personal\Documents\wildfly-29.0.0.Final\wildfly-29.0.0.Final\standalone
	sun.java.launcher = SUN_STANDARD
	sun.jnu.encoding = Cp1252
	sun.management.compiler = HotSpot 64-Bit Tiered Compilers
	sun.os.patch.level = 
	sun.rmi.dgc.client.gcInterval = 3600000
	sun.rmi.dgc.server.gcInterval = 3600000
	user.country = ES
	user.dir = C:\Users\Personal\Documents\wildfly-29.0.0.Final\wildfly-29.0.0.Final\bin
	user.home = C:\Users\Personal
	user.language = es
	user.name = Personal
	user.script = 
	user.timezone = America/Guayaquil
	user.variant = 
2023-11-06 17:28:05,774 DEBUG [org.jboss.as.config] (MSC service thread 1-3) VM Arguments: -Dprogram.name=JBossTools: WildFly 27+ -Xms1303m -Xmx1303m -XX:MetaspaceSize=96M -XX:MaxMetaspaceSize=256m -Dorg.jboss.resolver.warning=true -Djava.net.preferIPv4Stack=true -Dsun.rmi.dgc.client.gcInterval=3600000 -Dsun.rmi.dgc.server.gcInterval=3600000 -Djboss.modules.system.pkgs=org.jboss.byteman -Djava.awt.headless=true -Dorg.jboss.boot.log.file=C:\Users\Personal\Documents\wildfly-29.0.0.Final\wildfly-29.0.0.Final\standalone\log\boot.log -Dlogging.configuration=file:C:\Users\Personal\Documents\wildfly-29.0.0.Final\wildfly-29.0.0.Final\standalone\configuration\logging.properties -Djboss.home.dir=C:\Users\Personal\Documents\wildfly-29.0.0.Final\wildfly-29.0.0.Final -Dorg.jboss.logmanager.nocolor=true --add-exports=java.desktop/sun.awt=ALL-UNNAMED --add-exports=java.naming/com.sun.jndi.ldap=ALL-UNNAMED --add-opens=java.base/java.lang=ALL-UNNAMED --add-opens=java.base/java.lang.invoke=ALL-UNNAMED --add-opens=java.base/java.lang.reflect=ALL-UNNAMED --add-opens=java.base/java.io=ALL-UNNAMED --add-opens=java.base/java.security=ALL-UNNAMED --add-opens=java.base/java.util=ALL-UNNAMED --add-opens=java.base/java.util.concurrent=ALL-UNNAMED --add-opens=java.management/javax.management=ALL-UNNAMED --add-opens=java.naming/javax.naming=ALL-UNNAMED --add-exports=java.base/sun.nio.ch=ALL-UNNAMED --add-exports=jdk.unsupported/sun.misc=ALL-UNNAMED --add-exports=jdk.unsupported/sun.reflect=ALL-UNNAMED --add-modules=java.se -Djboss.bind.address.management=localhost -Dfile.encoding=UTF-8 -Dstdout.encoding=UTF-8 -Dstderr.encoding=UTF-8 -XX:+ShowCodeDetailsInExceptionMessages 
2023-11-06 17:28:06,578 INFO  [org.wildfly.security] (ServerService Thread Pool -- 26) ELY00001: WildFly Elytron version 2.2.1.Final
2023-11-06 17:28:07,196 INFO  [org.jboss.as.controller.management-deprecated] (ServerService Thread Pool -- 21) WFLYCTL0028: Attribute 'cluster' in the resource at address '/subsystem=ejb3/service=remote' is deprecated, and may be removed in a future version. See the attribute description in the output of the read-resource-description operation to learn more about the deprecation.
2023-11-06 17:28:07,224 INFO  [org.jboss.as.server.deployment.scanner] (DeploymentScanner-threads - 1) WFLYDS0004: Found BackendFinetic.war in deployment directory. To trigger deployment create a file called BackendFinetic.war.dodeploy
2023-11-06 17:28:07,295 INFO  [org.jboss.as.server] (Controller Boot Thread) WFLYSRV0039: Creating http management service using socket-binding (management-http)
2023-11-06 17:28:07,313 INFO  [org.xnio] (MSC service thread 1-1) XNIO version 3.8.9.Final
2023-11-06 17:28:07,322 INFO  [org.xnio.nio] (MSC service thread 1-1) XNIO NIO Implementation Version 3.8.9.Final
2023-11-06 17:28:07,373 INFO  [org.jboss.as.jaxrs] (ServerService Thread Pool -- 57) WFLYRS0016: RESTEasy version 6.2.4.Final
2023-11-06 17:28:07,378 INFO  [org.wildfly.extension.elytron.oidc._private] (ServerService Thread Pool -- 53) WFLYOIDC0001: Activating WildFly Elytron OIDC Subsystem
2023-11-06 17:28:07,383 INFO  [org.jboss.as.clustering.infinispan] (ServerService Thread Pool -- 55) WFLYCLINF0001: Activating Infinispan subsystem.
2023-11-06 17:28:07,385 INFO  [org.wildfly.extension.health] (ServerService Thread Pool -- 54) WFLYHEALTH0001: Activating Base Health Subsystem
2023-11-06 17:28:07,389 WARN  [org.jboss.as.txn] (ServerService Thread Pool -- 74) WFLYTX0013: The node-identifier attribute on the /subsystem=transactions is set to the default value. This is a danger for environments running multiple servers. Please make sure the attribute value is unique.
2023-11-06 17:28:07,391 INFO  [org.wildfly.extension.microprofile.jwt.smallrye] (ServerService Thread Pool -- 66) WFLYJWT0001: Activating MicroProfile JWT Subsystem
2023-11-06 17:28:07,394 INFO  [org.wildfly.extension.microprofile.config.smallrye] (ServerService Thread Pool -- 65) WFLYCONF0001: Activating MicroProfile Config Subsystem
2023-11-06 17:28:07,406 INFO  [org.jboss.as.jsf] (ServerService Thread Pool -- 62) WFLYJSF0007: Activated the following Jakarta Server Faces Implementations: [main]
2023-11-06 17:28:07,419 INFO  [org.wildfly.extension.metrics] (ServerService Thread Pool -- 64) WFLYMETRICS0001: Activating Base Metrics Subsystem
2023-11-06 17:28:07,435 INFO  [org.jboss.as.naming] (ServerService Thread Pool -- 67) WFLYNAM0001: Activating Naming Subsystem
2023-11-06 17:28:07,442 INFO  [org.wildfly.extension.io] (ServerService Thread Pool -- 56) WFLYIO001: Worker 'default' has auto-configured to 16 IO threads with 128 max task threads based on your 8 available processors
2023-11-06 17:28:07,462 INFO  [org.jboss.as.webservices] (ServerService Thread Pool -- 76) WFLYWS0002: Activating WebServices Extension
2023-11-06 17:28:07,517 INFO  [org.jboss.as.server.deployment] (MSC service thread 1-3) WFLYSRV0027: Starting deployment of "BackendFinetic.war" (runtime-name: "BackendFinetic.war")
2023-11-06 17:28:07,520 INFO  [org.jboss.as.connector] (MSC service thread 1-4) WFLYJCA0009: Starting Jakarta Connectors Subsystem (WildFly/IronJacamar 3.0.3.Final)
2023-11-06 17:28:07,525 INFO  [org.jboss.as.connector.subsystems.datasources] (ServerService Thread Pool -- 44) WFLYJCA0004: Deploying JDBC-compliant driver class org.h2.Driver (version 2.1)
2023-11-06 17:28:07,603 INFO  [org.jboss.as.connector.deployers.jdbc] (MSC service thread 1-2) WFLYJCA0018: Started Driver service with driver-name = h2
2023-11-06 17:28:07,618 INFO  [org.wildfly.extension.undertow] (MSC service thread 1-5) WFLYUT0003: Undertow 2.3.7.Final starting
2023-11-06 17:28:07,647 INFO  [org.jboss.remoting] (MSC service thread 1-4) JBoss Remoting version 5.0.27.Final
2023-11-06 17:28:07,687 INFO  [org.jboss.as.naming] (MSC service thread 1-2) WFLYNAM0003: Starting Naming Service
2023-11-06 17:28:07,698 WARN  [org.wildfly.extension.elytron] (MSC service thread 1-3) WFLYELY00023: KeyStore file 'C:\Users\Personal\Documents\wildfly-29.0.0.Final\wildfly-29.0.0.Final\standalone\configuration\application.keystore' does not exist. Used blank.
2023-11-06 17:28:07,716 INFO  [org.jboss.as.mail.extension] (MSC service thread 1-5) WFLYMAIL0001: Bound mail session [java:jboss/mail/Default]
2023-11-06 17:28:07,736 WARN  [org.wildfly.extension.elytron] (MSC service thread 1-6) WFLYELY01084: KeyStore C:\Users\Personal\Documents\wildfly-29.0.0.Final\wildfly-29.0.0.Final\standalone\configuration\application.keystore not found, it will be auto-generated on first use with a self-signed certificate for host localhost
2023-11-06 17:28:07,746 INFO  [org.wildfly.extension.undertow] (ServerService Thread Pool -- 75) WFLYUT0014: Creating file handler for path 'C:\Users\Personal\Documents\wildfly-29.0.0.Final\wildfly-29.0.0.Final/welcome-content' with options [directory-listing: 'false', follow-symlink: 'false', case-sensitive: 'true', safe-symlink-paths: '[]']
2023-11-06 17:28:07,796 INFO  [org.wildfly.extension.undertow] (MSC service thread 1-8) WFLYUT0012: Started server default-server.
2023-11-06 17:28:07,799 INFO  [org.wildfly.extension.undertow] (MSC service thread 1-5) Queuing requests.
2023-11-06 17:28:07,804 INFO  [org.wildfly.extension.undertow] (MSC service thread 1-5) WFLYUT0018: Host default-host starting
2023-11-06 17:28:07,804 INFO  [org.jboss.as.ejb3] (MSC service thread 1-4) WFLYEJB0482: Strict pool mdb-strict-max-pool is using a max instance size of 32 (per class), which is derived from the number of CPUs on this host.
2023-11-06 17:28:07,804 INFO  [org.jboss.as.ejb3] (MSC service thread 1-7) WFLYEJB0481: Strict pool slsb-strict-max-pool is using a max instance size of 128 (per class), which is derived from thread worker pool sizing.
2023-11-06 17:28:07,892 INFO  [org.wildfly.extension.undertow] (MSC service thread 1-8) WFLYUT0006: Undertow HTTP listener default listening on 127.0.0.1:8080
2023-11-06 17:28:08,024 INFO  [org.wildfly.extension.undertow] (MSC service thread 1-6) WFLYUT0006: Undertow HTTPS listener https listening on 127.0.0.1:8443
2023-11-06 17:28:08,044 INFO  [org.jboss.as.ejb3] (MSC service thread 1-5) WFLYEJB0493: Jakarta Enterprise Beans subsystem suspension complete
2023-11-06 17:28:08,099 INFO  [org.jboss.as.connector.subsystems.datasources] (MSC service thread 1-7) WFLYJCA0001: Bound data source [java:jboss/datasources/ExampleDS]
